<?xml version="1.0" encoding="UTF-8" ?>
<testsuite errors="0" failures="0" hostname="ubuntu" name="HelloWorldTest" skipped="0" tests="1" time="0.308" timestamp="2021-10-19T08:24:11">
  <properties>
    <property name="ant.library.dir" value="/usr/share/ant/lib" />
    <property name="ant.file.type" value="file" />
    <property name="java.specification.version" value="17" />
    <property name="ant.project.name" value="JunitHelloWorld" />
    <property name="sun.jnu.encoding" value="UTF-8" />
    <property name="java.class.path" value="/home/lgx/eclipse-workspace/JunitHelloWorld/junit-4.9.jar:/home/lgx/eclipse-workspace/JunitHelloWorld/build/classes:/home/lgx/eclipse-workspace/JunitHelloWorld:/usr/lib/jvm/jdk-17/lib:/home/lgx/Desktop/junit/junit-4.9.jar:/home/lgx/Desktop/junit:/usr/share/java/ant-launcher-1.10.7.jar:/usr/share/ant/lib/ant.jar:/usr/share/ant/lib/ant-junit.jar:/usr/share/ant/lib/ant-junit4.jar" />
    <property name="java.vm.vendor" value="Oracle Corporation" />
    <property name="sun.arch.data.model" value="64" />
    <property name="java.vendor.url" value="https://java.oracle.com/" />
    <property name="os.name" value="Linux" />
    <property name="java.vm.specification.version" value="17" />
    <property name="sun.java.launcher" value="SUN_STANDARD" />
    <property name="user.country" value="US" />
    <property name="ant.file.type.JunitHelloWorld" value="file" />
    <property name="sun.boot.library.path" value="/usr/lib/jvm/jdk-17/lib" />
    <property name="sun.java.command" value="org.apache.tools.ant.taskdefs.optional.junit.JUnitTestRunner HelloWorldTest skipNonTests=false filtertrace=true haltOnError=false haltOnFailure=false formatter=org.apache.tools.ant.taskdefs.optional.junit.SummaryJUnitResultFormatter showoutput=true outputtoformatters=true logfailedtests=true threadid=0 logtestlistenerevents=false formatter=org.apache.tools.ant.taskdefs.optional.junit.XMLJUnitResultFormatter,/home/lgx/eclipse-workspace/JunitHelloWorld/TEST-HelloWorldTest.xml crashfile=/home/lgx/eclipse-workspace/JunitHelloWorld/junitvmwatcher9025763362339912810.properties propsfile=/home/lgx/eclipse-workspace/JunitHelloWorld/junit17624795649948401188.properties" />
    <property name="jdk.debug" value="release" />
    <property name="sun.cpu.endian" value="little" />
    <property name="user.home" value="/home/lgx" />
    <property name="user.language" value="en" />
    <property name="sun.stderr.encoding" value="UTF-8" />
    <property name="java.specification.vendor" value="Oracle Corporation" />
    <property name="java.version.date" value="2021-09-14" />
    <property name="java.home" value="/usr/lib/jvm/jdk-17" />
    <property name="basedir" value="/home/lgx/eclipse-workspace/JunitHelloWorld" />
    <property name="file.separator" value="/" />
    <property name="java.vm.compressedOopsMode" value="32-bit" />
    <property name="line.separator" value="&#xa;" />
    <property name="sun.stdout.encoding" value="UTF-8" />
    <property name="ant.java.version" value="17" />
    <property name="java.specification.name" value="Java Platform API Specification" />
    <property name="java.vm.specification.vendor" value="Oracle Corporation" />
    <property name="sun.management.compiler" value="HotSpot 64-Bit Tiered Compilers" />
    <property name="java.runtime.version" value="17+35-LTS-2724" />
    <property name="user.name" value="lgx" />
    <property name="ant.file" value="/home/lgx/eclipse-workspace/JunitHelloWorld/build.xml" />
    <property name="path.separator" value=":" />
    <property name="os.version" value="5.11.0-37-generic" />
    <property name="java.runtime.name" value="Java(TM) SE Runtime Environment" />
    <property name="file.encoding" value="UTF-8" />
    <property name="ant.project.invoked-targets" value="junit" />
    <property name="java.vm.name" value="Java HotSpot(TM) 64-Bit Server VM" />
    <property name="ant.file.JunitHelloWorld" value="/home/lgx/eclipse-workspace/JunitHelloWorld/build.xml" />
    <property name="ant.core.lib" value="/usr/share/ant/lib/ant.jar" />
    <property name="java.vendor.url.bug" value="https://bugreport.java.com/bugreport/" />
    <property name="java.io.tmpdir" value="/tmp" />
    <property name="java.version" value="17" />
    <property name="user.dir" value="/home/lgx/eclipse-workspace/JunitHelloWorld" />
    <property name="os.arch" value="amd64" />
    <property name="java.vm.specification.name" value="Java Virtual Machine Specification" />
    <property name="ant.home" value="/usr/share/ant" />
    <property name="native.encoding" value="UTF-8" />
    <property name="ant.version" value="Apache Ant(TM) version 1.10.7 compiled on October 24 2019" />
    <property name="java.library.path" value="/usr/java/packages/lib:/usr/lib64:/lib64:/lib:/usr/lib" />
    <property name="java.vendor" value="Oracle Corporation" />
    <property name="java.vm.info" value="mixed mode, sharing" />
    <property name="java.vm.version" value="17+35-LTS-2724" />
    <property name="sun.io.unicode.encoding" value="UnicodeLittle" />
    <property name="java.class.version" value="61.0" />
    <property name="ant.project.default-target" value="run" />
  </properties>
  <testcase classname="HelloWorldTest" name="Test" time="0.002" />
  <system-out><![CDATA[]]></system-out>
  <system-err><![CDATA[]]></system-err>
</testsuite>
